2025-08-31 11:35:12.176 LOG 0: Detected Quik version: 1205 and using cpath: C:\QUIK_VTB\?.dll;C:\QUIK_VTB\..\lib\lua\5.3\?.dll;C:\QUIK_VTB\loadall.dll;.\?.dll;C:\Programming\BondsNet\src\QuikSharp\lua\clibs64\53_MD\?.dll;.\clibs64\53_MD\?.dll
2025-08-31 11:35:12.176 LOG 0: QUIK# is initialized from C:\Programming\BondsNet\src\QuikSharp\lua\QuikSharp.lua
2025-08-31 11:35:12.176 LOG 0: Running from QuikSharp, params: response 127.0.0.1:34130, callback  127.0.0.1:34131
2025-08-31 11:35:12.176 LOG 0: Entered main function
2025-08-31 11:35:12.176 LOG 1: QUIK# is waiting for client connection...
2025-08-31 11:35:12.176 LOG 0: Waiting for a response client...
2025-08-31 11:35:27.172 LOG 0: Waiting for a callback client...
2025-08-31 11:35:27.172 LOG 1: QUIK# client connected
2025-08-31 11:35:27.469 LOG 0: >>> DebugSPBOPT|SiU5|1
2025-08-31 11:35:38.156 LOG 1: QUIK# client disconnected
2025-08-31 11:35:38.171 LOG 1: QUIK# is waiting for client connection...
2025-08-31 11:35:38.171 LOG 0: Waiting for a response client...
2025-08-31 11:35:55.500 LOG 1: QUIK# stopped. You could keep script running when closing QUIK and the script will start automatically the next time you start QUIK
2025-08-31 11:36:00.530 LOG 0: Detected Quik version: 1205 and using cpath: C:\QUIK_VTB\?.dll;C:\QUIK_VTB\..\lib\lua\5.3\?.dll;C:\QUIK_VTB\loadall.dll;.\?.dll;C:\Programming\BondsNet\src\QuikSharp\lua\clibs64\53_MD\?.dll;.\clibs64\53_MD\?.dll
2025-08-31 11:36:00.530 LOG 0: QUIK# is initialized from C:\Programming\BondsNet\src\QuikSharp\lua\QuikSharp.lua
2025-08-31 11:36:00.530 LOG 0: Running from QuikSharp, params: response 127.0.0.1:34130, callback  127.0.0.1:34131
2025-08-31 11:36:00.530 LOG 0: Entered main function
2025-08-31 11:36:00.530 LOG 1: QUIK# is waiting for client connection...
2025-08-31 11:36:00.530 LOG 0: Waiting for a response client...
2025-08-31 11:36:30.890 LOG 0: Waiting for a callback client...
2025-08-31 11:36:30.890 LOG 1: QUIK# client connected
2025-08-31 11:36:31.187 LOG 0: >>> DebugSPBOPT|SiU5|1
2025-08-31 11:36:50.530 LOG 1: QUIK# client disconnected
2025-08-31 11:36:50.546 LOG 1: QUIK# is waiting for client connection...
2025-08-31 11:36:50.546 LOG 0: Waiting for a response client...
2025-08-31 11:37:11.485 LOG 1: QUIK# stopped. You could keep script running when closing QUIK and the script will start automatically the next time you start QUIK
2025-08-31 11:37:14.671 LOG 0: Detected Quik version: 1205 and using cpath: C:\QUIK_VTB\?.dll;C:\QUIK_VTB\..\lib\lua\5.3\?.dll;C:\QUIK_VTB\loadall.dll;.\?.dll;C:\Programming\BondsNet\src\QuikSharp\lua\clibs64\53_MD\?.dll;.\clibs64\53_MD\?.dll
2025-08-31 11:37:14.671 LOG 0: QUIK# is initialized from C:\Programming\BondsNet\src\QuikSharp\lua\QuikSharp.lua
2025-08-31 11:37:14.671 LOG 0: Running from QuikSharp, params: response 127.0.0.1:34130, callback  127.0.0.1:34131
2025-08-31 11:37:14.671 LOG 0: Entered main function
2025-08-31 11:37:14.671 LOG 1: QUIK# is waiting for client connection...
2025-08-31 11:37:14.671 LOG 0: Waiting for a response client...
2025-08-31 11:37:23.421 LOG 0: Waiting for a callback client...
2025-08-31 11:37:23.421 LOG 1: QUIK# client connected
2025-08-31 11:37:23.718 LOG 0: >>> DebugSPBOPT|SiU5|1
2025-08-31 11:37:29.186 LOG 1: QUIK# client disconnected
2025-08-31 11:37:29.217 LOG 1: QUIK# is waiting for client connection...
2025-08-31 11:37:29.217 LOG 0: Waiting for a response client...
2025-08-31 11:37:46.905 LOG 1: QUIK# stopped. You could keep script running when closing QUIK and the script will start automatically the next time you start QUIK
2025-08-31 11:37:50.14 LOG 0: Detected Quik version: 1205 and using cpath: C:\QUIK_VTB\?.dll;C:\QUIK_VTB\..\lib\lua\5.3\?.dll;C:\QUIK_VTB\loadall.dll;.\?.dll;C:\Programming\BondsNet\src\QuikSharp\lua\clibs64\53_MD\?.dll;.\clibs64\53_MD\?.dll
2025-08-31 11:37:50.14 LOG 0: QUIK# is initialized from C:\Programming\BondsNet\src\QuikSharp\lua\QuikSharp.lua
2025-08-31 11:37:50.14 LOG 0: Running from QuikSharp, params: response 127.0.0.1:34130, callback  127.0.0.1:34131
2025-08-31 11:37:50.14 LOG 0: Entered main function
2025-08-31 11:37:50.14 LOG 1: QUIK# is waiting for client connection...
2025-08-31 11:37:50.14 LOG 0: Waiting for a response client...
2025-08-31 11:37:58.514 LOG 0: Waiting for a callback client...
2025-08-31 11:37:58.514 LOG 1: QUIK# client connected
2025-08-31 11:37:58.796 LOG 0: >>> DebugSPBOPT|SiU5|1
2025-08-31 11:38:06.75 LOG 1: QUIK# client disconnected
2025-08-31 11:38:06.105 LOG 1: QUIK# is waiting for client connection...
2025-08-31 11:38:06.105 LOG 0: Waiting for a response client...
2025-08-31 11:44:03.222 LOG 0: Waiting for a callback client...
2025-08-31 11:44:03.222 LOG 1: QUIK# client connected
2025-08-31 11:44:29.614 LOG 1: QUIK# stopped. You could keep script running when closing QUIK and the script will start automatically the next time you start QUIK
2025-08-31 16:25:38.203 LOG 0: Detected Quik version: 1205 and using cpath: C:\QUIK_VTB\?.dll;C:\QUIK_VTB\..\lib\lua\5.3\?.dll;C:\QUIK_VTB\loadall.dll;.\?.dll;C:\Programming\BondsNet\src\QuikSharp\lua\clibs64\53_MD\?.dll;.\clibs64\53_MD\?.dll
2025-08-31 16:28:00.802 LOG 0: Detected Quik version: 1205 and using cpath: C:\QUIK_VTB\?.dll;C:\QUIK_VTB\..\lib\lua\5.3\?.dll;C:\QUIK_VTB\loadall.dll;.\?.dll;C:\Programming\BondsNet\src\QuikSharp\lua\clibs64\53_MD\?.dll;.\clibs64\53_MD\?.dll
2025-08-31 16:28:00.802 LOG 0: QUIK# is initialized from C:\Programming\BondsNet\src\QuikSharp\lua\QuikSharp.lua
2025-08-31 16:28:00.803 LOG 0: Running from QuikSharp, params: response 127.0.0.1:34130, callback  127.0.0.1:34131
2025-08-31 16:28:00.803 LOG 0: Entered main function
2025-08-31 16:28:00.803 LOG 1: QUIK# is waiting for client connection...
2025-08-31 16:28:00.803 LOG 0: Waiting for a response client...
2025-08-31 16:28:09.253 LOG 0: Waiting for a callback client...
2025-08-31 16:28:09.254 LOG 1: QUIK# client connected
2025-08-31 16:28:26.28 LOG 1: QUIK# client disconnected
2025-08-31 16:28:26.30 LOG 1: QUIK# is waiting for client connection...
2025-08-31 16:28:26.30 LOG 0: Waiting for a response client...
2025-08-31 16:29:58.914 LOG 0: Waiting for a callback client...
2025-08-31 16:29:58.914 LOG 1: QUIK# client connected
2025-08-31 16:29:59.663 LOG 1: QUIK# client disconnected
2025-08-31 16:29:59.663 LOG 1: QUIK# client disconnected
2025-08-31 16:29:59.666 LOG 1: QUIK# is waiting for client connection...
2025-08-31 16:29:59.666 LOG 0: Waiting for a response client...
2025-08-31 16:29:59.698 LOG 0: Waiting for a callback client...
2025-08-31 16:29:59.698 LOG 1: QUIK# client connected
2025-08-31 16:30:24.3 LOG 1: QUIK# client disconnected
2025-08-31 16:30:24.6 LOG 1: QUIK# is waiting for client connection...
2025-08-31 16:30:24.6 LOG 0: Waiting for a response client...
2025-08-31 16:30:26.995 LOG 1: QUIK# stopped. You could keep script running when closing QUIK and the script will start automatically the next time you start QUIK
2025-08-31 16:52:47.623 LOG 0: Detected Quik version: 1205 and using cpath: C:\QUIK_VTB\?.dll;C:\QUIK_VTB\..\lib\lua\5.3\?.dll;C:\QUIK_VTB\loadall.dll;.\?.dll;C:\Programming\BondsNet\src\QuikSharp\lua\clibs64\53_MD\?.dll;.\clibs64\53_MD\?.dll
2025-08-31 16:56:22.888 LOG 0: Detected Quik version: 1205 and using cpath: C:\QUIK_VTB\?.dll;C:\QUIK_VTB\..\lib\lua\5.3\?.dll;C:\QUIK_VTB\loadall.dll;.\?.dll;C:\Programming\BondsNet\src\QuikSharp\lua\clibs64\53_MD\?.dll;.\clibs64\53_MD\?.dll
